<?xml version="1.0" encoding="UTF-8"?>
<!-- Generated by org.testng.reporters.JUnitReportReporter -->
<testsuite hostname="LAPTOP-KDQ8GI2C" failures="0" tests="1" name="testNGDemo.Day1" time="0.007" errors="0" timestamp="2023-01-25T01:22:48 IST" skipped="0">
  <testcase classname="testNGDemo.Day1" name="demo1" time="0.007"/>
  <system-out/>
</testsuite> <!-- testNGDemo.Day1 -->
