<?xml version="1.0" encoding="UTF-8"?>
<!-- Generated by org.testng.reporters.JUnitReportReporter -->
<testsuite hostname="LAPTOP-KDQ8GI2C" failures="0" tests="2" name="testNGParallelExecution.TestValidLogin2" time="15.797" errors="0" timestamp="2023-01-24T14:57:30 IST" skipped="0">
  <testcase classname="testNGParallelExecution.TestValidLogin2" name="method1" time="7.439"/>
  <system-out/>
  <testcase classname="testNGParallelExecution.TestValidLogin2" name="method1" time="8.358"/>
  <system-out/>
</testsuite> <!-- testNGParallelExecution.TestValidLogin2 -->
