<?xml version="1.0" encoding="UTF-8"?>
<!-- Generated by org.testng.reporters.JUnitReportReporter -->
<testsuite hostname="LAPTOP-KDQ8GI2C" failures="0" tests="3" name="testNGPack.Demo2" time="0.003" errors="0" timestamp="2023-01-20T14:00:59 IST" skipped="0">
  <testcase classname="testNGPack.Demo2" name="sumo1" time="0.001"/>
  <system-out>
    <![CDATA[this is sumo2 method]]>
  </system-out>
  <testcase classname="testNGPack.Demo2" name="sumo2" time="0.001"/>
  <system-out>
    <![CDATA[this is sumo2 method]]>
  </system-out>
  <testcase classname="testNGPack.Demo2" name="sumo3" time="0.001"/>
  <system-out>
    <![CDATA[this is sumo3 method]]>
  </system-out>
</testsuite> <!-- testNGPack.Demo2 -->
