<?xml version="1.0" encoding="UTF-8"?>
<!-- Generated by org.testng.reporters.JUnitReportReporter -->
<testsuite hostname="LAPTOP-KDQ8GI2C" failures="0" tests="1" name="testNGPack2.Class3" time="81.264" errors="0" timestamp="2023-01-20T14:06:26 IST" skipped="0">
  <testcase classname="testNGPack2.Class3" name="java" time="81.264"/>
  <system-out/>
</testsuite> <!-- testNGPack2.Class3 -->
