<?xml version="1.0" encoding="UTF-8"?>
<!-- Generated by org.testng.reporters.JUnitReportReporter -->
<testsuite hostname="LAPTOP-KDQ8GI2C" failures="0" tests="3" name="testNGPack.Demo1" time="0.002" errors="0" timestamp="2023-01-20T14:00:59 IST" skipped="0">
  <testcase classname="testNGPack.Demo1" name="remo2" time="0.000"/>
  <system-out>
    <![CDATA[this is remo2 method]]>
  </system-out>
  <testcase classname="testNGPack.Demo1" name="remo1" time="0.001"/>
  <system-out>
    <![CDATA[this is remo1 method]]>
  </system-out>
  <testcase classname="testNGPack.Demo1" name="remo3" time="0.001"/>
  <system-out>
    <![CDATA[this is remo3 method]]>
  </system-out>
</testsuite> <!-- testNGPack.Demo1 -->
