<?xml version="1.0" encoding="UTF-8"?>
<!-- Generated by org.testng.reporters.JUnitReportReporter -->
<testsuite hostname="LAPTOP-KDQ8GI2C" failures="0" tests="1" name="testNGParallelExecution.TestNGClass1" time="0.008" errors="0" timestamp="2023-01-23T13:52:58 IST" skipped="0">
  <testcase classname="testNGParallelExecution.TestNGClass1" name="m1" time="0.008"/>
  <system-out>
    <![CDATA[m2 method]]>
  </system-out>
</testsuite> <!-- testNGParallelExecution.TestNGClass1 -->
