<?xml version="1.0" encoding="UTF-8"?>
<!-- Generated by org.testng.reporters.JUnitReportReporter -->
<testsuite hostname="LAPTOP-KDQ8GI2C" failures="0" tests="2" name="testNGParallelExecution.SelectBrowser" time="12.530" errors="0" timestamp="2023-01-23T15:44:49 IST" skipped="0">
  <testcase classname="testNGParallelExecution.SelectBrowser" name="openBrowser" time="3.081"/>
  <system-out/>
  <testcase classname="testNGParallelExecution.SelectBrowser" name="openBrowser" time="9.449"/>
  <system-out/>
</testsuite> <!-- testNGParallelExecution.SelectBrowser -->
