<?xml version="1.0" encoding="UTF-8"?>
<!-- Generated by org.testng.reporters.JUnitReportReporter -->
<testsuite hostname="LAPTOP-KDQ8GI2C" failures="0" tests="9" name="testNGPack2.PriorityClass" time="0.013" errors="0" timestamp="2023-01-21T14:06:44 IST" skipped="0">
  <testcase classname="testNGPack2.PriorityClass" name="b" time="0.001"/>
  <system-out>
    <![CDATA[b]]>
  </system-out>
  <testcase classname="testNGPack2.PriorityClass" name="i" time="0.001"/>
  <system-out>
    <![CDATA[i]]>
  </system-out>
  <testcase classname="testNGPack2.PriorityClass" name="a" time="0.007"/>
  <system-out>
    <![CDATA[a]]>
  </system-out>
  <testcase classname="testNGPack2.PriorityClass" name="g" time="0.001"/>
  <system-out>
    <![CDATA[g]]>
  </system-out>
  <testcase classname="testNGPack2.PriorityClass" name="k" time="0.000"/>
  <system-out>
    <![CDATA[k]]>
  </system-out>
  <testcase classname="testNGPack2.PriorityClass" name="h" time="0.001"/>
  <system-out>
    <![CDATA[h]]>
  </system-out>
  <testcase classname="testNGPack2.PriorityClass" name="p" time="0.001"/>
  <system-out>
    <![CDATA[p]]>
  </system-out>
  <testcase classname="testNGPack2.PriorityClass" name="z" time="0.000"/>
  <system-out>
    <![CDATA[z]]>
  </system-out>
  <testcase classname="testNGPack2.PriorityClass" name="m" time="0.001"/>
  <system-out>
    <![CDATA[m]]>
  </system-out>
</testsuite> <!-- testNGPack2.PriorityClass -->
