<?xml version="1.0" encoding="UTF-8"?>
<!-- Generated by org.testng.reporters.JUnitReportReporter -->
<testsuite hostname="LAPTOP-KDQ8GI2C" failures="0" tests="3" name="testNGPack2.Flag4" time="0.009" errors="0" timestamp="2023-01-20T14:44:59 IST" skipped="0">
  <testcase classname="testNGPack2.Flag4" name="logOutMethod" time="0.001"/>
  <system-out>
    <![CDATA[logout done!!]]>
  </system-out>
  <testcase classname="testNGPack2.Flag4" name="logInMethod" time="0.007"/>
  <system-out>
    <![CDATA[login is done!!]]>
  </system-out>
  <testcase classname="testNGPack2.Flag4" name="createUser" time="0.001"/>
  <system-out>
    <![CDATA[User is created!!]]>
  </system-out>
</testsuite> <!-- testNGPack2.Flag4 -->
