<?xml version="1.0" encoding="UTF-8"?>
<!-- Generated by org.testng.reporters.JUnitReportReporter -->
<testsuite hostname="LAPTOP-KDQ8GI2C" failures="0" tests="2" name="testNGParallelExecution.TestNG3" time="0.009" errors="0" timestamp="2023-01-23T13:59:17 IST" skipped="0">
  <testcase classname="testNGParallelExecution.TestNG3" name="m2" time="0.001"/>
  <system-out>
    <![CDATA[m2 method]]>
  </system-out>
  <testcase classname="testNGParallelExecution.TestNG3" name="m1" time="0.008"/>
  <system-out>
    <![CDATA[m1 method]]>
  </system-out>
</testsuite> <!-- testNGParallelExecution.TestNG3 -->
