<?xml version="1.0" encoding="UTF-8"?>
<!-- Generated by org.testng.reporters.JUnitReportReporter -->
<testsuite hostname="LAPTOP-KDQ8GI2C" failures="0" tests="2" name="testNGParallelExecution.TestNG4" time="0.008" errors="0" timestamp="2023-01-23T14:37:14 IST" skipped="0">
  <testcase classname="testNGParallelExecution.TestNG4" name="tomorrow" time="0.001"/>
  <system-out>
    <![CDATA[tomorrow method16 is the thread]]>
  </system-out>
  <testcase classname="testNGParallelExecution.TestNG4" name="today" time="0.007"/>
  <system-out>
    <![CDATA[today method16 is the thread]]>
  </system-out>
</testsuite> <!-- testNGParallelExecution.TestNG4 -->
